app/build/outputs/mapping/release/seeds.txt
xyz.sayangoswami.urbandictionary.AboutActivity
xyz.sayangoswami.urbandictionary.AboutActivity: AboutActivity()
xyz.sayangoswami.urbandictionary.MainActivity
xyz.sayangoswami.urbandictionary.MainActivity: MainActivity()
xyz.sayangoswami.urbandictionary.MyFirebaseInstanceIDService
xyz.sayangoswami.urbandictionary.MyFirebaseInstanceIDService: MyFirebaseInstanceIDService()
xyz.sayangoswami.urbandictionary.R$anim: int abc_fade_in
xyz.sayangoswami.urbandictionary.R$anim: int abc_fade_out
xyz.sayangoswami.urbandictionary.R$anim: int abc_grow_fade_in_from_bottom
xyz.sayangoswami.urbandictionary.R$anim: int abc_popup_enter
xyz.sayangoswami.urbandictionary.R$anim: int abc_popup_exit
xyz.sayangoswami.urbandictionary.R$anim: int abc_shrink_fade_out_from_bottom
xyz.sayangoswami.urbandictionary.R$anim: int abc_slide_in_bottom
xyz.sayangoswami.urbandictionary.R$anim: int abc_slide_in_top
xyz.sayangoswami.urbandictionary.R$anim: int abc_slide_out_bottom
xyz.sayangoswami.urbandictionary.R$anim: int abc_slide_out_top
xyz.sayangoswami.urbandictionary.R$anim: int design_appbar_state_list_animator
xyz.sayangoswami.urbandictionary.R$anim: int design_bottom_sheet_slide_in
xyz.sayangoswami.urbandictionary.R$anim: int design_bottom_sheet_slide_out
xyz.sayangoswami.urbandictionary.R$anim: int design_fab_in
xyz.sayangoswami.urbandictionary.R$anim: int design_fab_out
xyz.sayangoswami.urbandictionary.R$anim: int design_snackbar_in
xyz.sayangoswami.urbandictionary.R$anim: int design_snackbar_out
xyz.sayangoswami.urbandictionary.R$attr: int actionBarDivider
xyz.sayangoswami.urbandictionary.R$attr: int actionBarItemBackground
xyz.sayangoswami.urbandictionary.R$attr: int actionBarPopupTheme
xyz.sayangoswami.urbandictionary.R$attr: int actionBarSize
xyz.sayangoswami.urbandictionary.R$attr: int actionBarSplitStyle
xyz.sayangoswami.urbandictionary.R$attr: int actionBarStyle
xyz.sayangoswami.urbandictionary.R$attr: int actionBarTabBarStyle
xyz.sayangoswami.urbandictionary.R$attr: int actionBarTabStyle
xyz.sayangoswami.urbandictionary.R$attr: int actionBarTabTextStyle
xyz.sayangoswami.urbandictionary.R$attr: int actionBarTheme
xyz.sayangoswami.urbandictionary.R$attr: int actionBarWidgetTheme
xyz.sayangoswami.urbandictionary.R$attr: int actionButtonStyle
xyz.sayangoswami.urbandictionary.R$attr: int actionDropDownStyle
xyz.sayangoswami.urbandictionary.R$attr: int actionLayout
xyz.sayangoswami.urbandictionary.R$attr: int actionMenuTextAppearance
xyz.sayangoswami.urbandictionary.R$attr: int actionMenuTextColor
xyz.sayangoswami.urbandictionary.R$attr: int actionModeBackground
xyz.sayangoswami.urbandictionary.R$attr: int actionModeCloseButtonStyle
xyz.sayangoswami.urbandictionary.R$attr: int actionModeCloseDrawable
xyz.sayangoswami.urbandictionary.R$attr: int actionModeCopyDrawable
xyz.sayangoswami.urbandictionary.R$attr: int actionModeCutDrawable
xyz.sayangoswami.urbandictionary.R$attr: int actionModeFindDrawable
xyz.sayangoswami.urbandictionary.R$bool: int abc_action_bar_embed_tabs
xyz.sayangoswami.urbandictionary.R$bool: int abc_allow_stacked_button_bar
xyz.sayangoswami.urbandictionary.R$bool: int abc_config_actionMenuItemAllCaps
xyz.sayangoswami.urbandictionary.R$bool: int abc_config_closeDialogWhenTouchOutside
xyz.sayangoswami.urbandictionary.R$bool: int abc_config_showMenuShortcutsWhenKeyboardPresent
...
android.support.v4.widget.DrawerLayout$SavedState
android.support.v4.widget.DrawerLayout$SavedState: android.os.Parcelable$Creator CREATOR
android.support.v4.widget.NestedScrollView
android.support.v4.widget.NestedScrollView: NestedScrollView(android.content.Context)
android.support.v4.widget.NestedScrollView: NestedScrollView(android.content.Context,android.util.AttributeSet)
android.support.v4.widget.NestedScrollView: NestedScrollView(android.content.Context,android.util.AttributeSet,int)
android.support.v4.widget.NestedScrollView: void setNestedScrollingEnabled(boolean)
android.support.v4.widget.NestedScrollView: int getNestedScrollAxes()
android.support.v4.widget.NestedScrollView: float getTopFadingEdgeStrength()
android.support.v4.widget.NestedScrollView: float getBottomFadingEdgeStrength()
android.support.v4.widget.NestedScrollView: int getMaxScrollAmount()
android.support.v4.widget.NestedScrollView: void setOnScrollChangeListener(android.support.v4.widget.NestedScrollView$OnScrollChangeListener)
android.support.v4.widget.NestedScrollView: void setFillViewport(boolean)
android.support.v4.widget.NestedScrollView: void setSmoothScrollingEnabled(boolean)
android.support.v4.widget.NestedScrollView: float getVerticalScrollFactorCompat()
android.support.v4.widget.NestedScrollView: int getScrollRange()
android.support.v4.widget.NestedScrollView$SavedState
android.support.v4.widget.NestedScrollView$SavedState: android.os.Parcelable$Creator CREATOR
android.support.v4.widget.SlidingPaneLayout: void setParallaxDistance(int)
android.support.v4.widget.SlidingPaneLayout: int getParallaxDistance()
android.support.v4.widget.SlidingPaneLayout: void setSliderFadeColor(int)
android.support.v4.widget.SlidingPaneLayout: int getSliderFadeColor()
android.support.v4.widget.SlidingPaneLayout: void setCoveredFadeColor(int)
android.support.v4.widget.SlidingPaneLayout: int getCoveredFadeColor()
android.support.v4.widget.SlidingPaneLayout: void setPanelSlideListener(android.support.v4.widget.SlidingPaneLayout$PanelSlideListener)
android.support.v4.widget.SlidingPaneLayout: void setShadowDrawable(android.graphics.drawable.Drawable)
android.support.v4.widget.SlidingPaneLayout: void setShadowDrawableLeft(android.graphics.drawable.Drawable)
android.support.v4.widget.SlidingPaneLayout: void setShadowDrawableRight(android.graphics.drawable.Drawable)
android.support.v4.widget.SlidingPaneLayout: void setShadowResource(int)
android.support.v4.widget.SlidingPaneLayout: void setShadowResourceLeft(int)
android.support.v4.widget.SlidingPaneLayout: void setShadowResourceRight(int)
android.support.v4.widget.SlidingPaneLayout$SavedState
android.support.v4.widget.SlidingPaneLayout$SavedState: android.os.Parcelable$Creator CREATOR
android.support.v4.widget.Space
android.support.v4.widget.Space: Space(android.content.Context,android.util.AttributeSet,int)
android.support.v4.widget.Space: Space(android.content.Context,android.util.AttributeSet)
android.support.v4.widget.Space: Space(android.content.Context)