app/build/outputs/mapping/release/mapping.txt
xyz.sayangoswami.urbandictionary.AboutActivity -> xyz.sayangoswami.urbandictionary.AboutActivity:
    android.support.design.widget.CollapsingToolbarLayout mCollapsingToolbarLayout -> m
    void <init>() -> <init>
    void onCreate(android.os.Bundle) -> onCreate
    void setCollapsingToolbarLayoutTitle(java.lang.String) -> a
    void <clinit>() -> <clinit>
xyz.sayangoswami.urbandictionary.AboutActivity$1 -> xyz.sayangoswami.urbandictionary.AboutActivity$1:
    xyz.sayangoswami.urbandictionary.AboutActivity this$0 -> a
    void <init>(xyz.sayangoswami.urbandictionary.AboutActivity) -> <init>
    void onClick(android.view.View) -> onClick
xyz.sayangoswami.urbandictionary.Definitions -> xyz.sayangoswami.urbandictionary.a:
    java.lang.String definition -> a
    java.lang.String author -> b
    java.lang.String word -> c
    int thumb_up -> d
    int thumb_down -> e
    int def_id -> f
    java.lang.String vote -> g
    void <init>() -> <init>
    void setWord(java.lang.String) -> a
    java.lang.String getWord() -> a
    void setVote(java.lang.String) -> b
    java.lang.String getVote() -> b
    java.lang.String getDefinition() -> c
    void setDefinition(java.lang.String) -> c
    java.lang.String getAuthor() -> d
    void setAuthor(java.lang.String) -> d
    int getThumb_up() -> e
    void setThumb_up(int) -> a
    int getThumb_down() -> f
    void setThumb_down(int) -> b
    int getId() -> g
    void setId(int) -> c
xyz.sayangoswami.urbandictionary.DefinitionsAdapter -> xyz.sayangoswami.urbandictionary.b:
    java.util.List definitionsList -> a
    void <init>(java.util.List) -> <init>
    xyz.sayangoswami.urbandictionary.DefinitionsAdapter$MyViewHolder onCreateViewHolder(android.view.ViewGroup,int) -> a
    void onBindViewHolder(xyz.sayangoswami.urbandictionary.DefinitionsAdapter$MyViewHolder,int) -> a
    int getItemCount() -> a
    void clearData() -> b
    void onBindViewHolder(android.support.v7.widget.RecyclerView$ViewHolder,int) -> a
    android.support.v7.widget.RecyclerView$ViewHolder onCreateViewHolder(android.view.ViewGroup,int) -> b
xyz.sayangoswami.urbandictionary.DefinitionsAdapter$1 -> xyz.sayangoswami.urbandictionary.b$1:
    xyz.sayangoswami.urbandictionary.Definitions val$definitions -> a
    xyz.sayangoswami.urbandictionary.DefinitionsAdapter this$0 -> b
    void <init>(xyz.sayangoswami.urbandictionary.DefinitionsAdapter,xyz.sayangoswami.urbandictionary.Definitions) -> <init>
    void onClick(android.view.View) -> onClick
xyz.sayangoswami.urbandictionary.DefinitionsAdapter$2 -> xyz.sayangoswami.urbandictionary.b$2:
    xyz.sayangoswami.urbandictionary.Definitions val$definitions -> a
    xyz.sayangoswami.urbandictionary.DefinitionsAdapter this$0 -> b
    void <init>(xyz.sayangoswami.urbandictionary.DefinitionsAdapter,xyz.sayangoswami.urbandictionary.Definitions) -> <init>
    void onClick(android.view.View) -> onClick
xyz.sayangoswami.urbandictionary.DefinitionsAdapter$3 -> xyz.sayangoswami.urbandictionary.b$3:
    xyz.sayangoswami.urbandictionary.Definitions val$definitions -> a
    xyz.sayangoswami.urbandictionary.DefinitionsAdapter this$0 -> b
    void <init>(xyz.sayangoswami.urbandictionary.DefinitionsAdapter,xyz.sayangoswami.urbandictionary.Definitions) -> <init>
    void onClick(android.view.View) -> onClick
xyz.sayangoswami.urbandictionary.DefinitionsAdapter$MyViewHolder -> xyz.sayangoswami.urbandictionary.b$a:
    android.widget.TextView definition -> l
    android.widget.TextView author -> m
    android.widget.TextView thumb_up -> n
    android.widget.TextView thumb_down -> o
    android.widget.LinearLayout share_view -> p
    xyz.sayangoswami.urbandictionary.DefinitionsAdapter this$0 -> q
    void <init>(xyz.sayangoswami.urbandictionary.DefinitionsAdapter,android.view.View) -> <init>
...
com.google.android.gms.measurement.internal.zzag$3 -> com.google.android.gms.measurement.internal.h$3:
    long avQ -> a
    com.google.android.gms.measurement.internal.zzag avP -> b
    void <init>(com.google.android.gms.measurement.internal.zzag,long) -> <init>
    void run() -> run
com.google.android.gms.measurement.internal.zzag$4 -> com.google.android.gms.measurement.internal.h$4:
    long avQ -> a
    com.google.android.gms.measurement.internal.zzag avP -> b
    void <init>(com.google.android.gms.measurement.internal.zzag,long) -> <init>
    void run() -> run
com.google.android.gms.measurement.internal.zzah -> com.google.android.gms.measurement.internal.i:
    com.google.android.gms.common.util.zze zzaql -> a
    long zzbwt -> b
    void <init>(com.google.android.gms.common.util.zze) -> <init>
    void start() -> a
    void clear() -> b
    boolean zzz(long) -> a
com.google.android.gms.measurement.internal.zzai -> com.google.android.gms.measurement.internal.j:
    boolean ej -> a
    android.app.AlarmManager ek -> b
    com.google.android.gms.measurement.internal.zzf avR -> c
    void <init>(com.google.android.gms.measurement.internal.zzx) -> <init>
    void zzzy() -> e
    void zzx(long) -> a
    void cancel() -> f
    android.app.PendingIntent zzafo() -> g
    void zzbzg() -> B
    void zzaby() -> h
    void zzbvo() -> i
    void zzzx() -> j
    com.google.android.gms.measurement.internal.zzc zzbvp() -> k
    com.google.android.gms.measurement.internal.zzac zzbvq() -> l
    com.google.android.gms.measurement.internal.zzn zzbvr() -> m
    com.google.android.gms.measurement.internal.zzg zzbvs() -> n
    com.google.android.gms.measurement.internal.zzae zzbvt() -> o
    com.google.android.gms.measurement.internal.zzad zzbvu() -> p
    com.google.android.gms.common.util.zze zzabz() -> q
    android.content.Context getContext() -> r
    com.google.android.gms.measurement.internal.zzo zzbvv() -> s
    com.google.android.gms.measurement.internal.zze zzbvw() -> t
    com.google.android.gms.measurement.internal.zzal zzbvx() -> u
    com.google.android.gms.measurement.internal.zzv zzbvy() -> v
    com.google.android.gms.measurement.internal.zzag zzbvz() -> w
    com.google.android.gms.measurement.internal.zzw zzbwa() -> x
    com.google.android.gms.measurement.internal.zzq zzbwb() -> y
com.google.android.gms.measurement.internal.zzai$1 -> com.google.android.gms.measurement.internal.j$1:
    com.google.android.gms.measurement.internal.zzai avS -> a
    void <init>(com.google.android.gms.measurement.internal.zzai,com.google.android.gms.measurement.internal.zzx) -> <init>
    void run() -> a
com.google.android.gms.measurement.internal.zzaj -> com.google.android.gms.measurement.internal.k:
    void <init>() -> <init>
    com.google.android.gms.measurement.internal.UserAttributeParcel zzpz(android.os.Parcel) -> a
    com.google.android.gms.measurement.internal.UserAttributeParcel[] zzxf(int) -> a
    void zza(com.google.android.gms.measurement.internal.UserAttributeParcel,android.os.Parcel,int) -> a
    java.lang.Object[] newArray(int) -> newArray
    java.lang.Object createFromParcel(android.os.Parcel) -> createFromParcel
com.google.android.gms.measurement.internal.zzak -> com.google.android.gms.measurement.internal.l:
    java.lang.String zzctj -> a
    java.lang.String mName -> b
    long avX -> c
    java.lang.Object zzcyd -> d
    void <init>(java.lang.String,java.lang.String,long,java.lang.Object) -> <init>