app/build/outputs/mapping/release/usage.txt
xyz.sayangoswami.urbandictionary.BuildConfig
xyz.sayangoswami.urbandictionary.Definitions:
    12:21:public Definitions(java.lang.String,java.lang.String,int,int,int,java.lang.String)
xyz.sayangoswami.urbandictionary.Manifest
xyz.sayangoswami.urbandictionary.Manifest$permission
xyz.sayangoswami.urbandictionary.MyFirebaseInstanceIDService:
    private static final java.lang.String TAG
xyz.sayangoswami.urbandictionary.R
xyz.sayangoswami.urbandictionary.R$anim
xyz.sayangoswami.urbandictionary.R$attr
xyz.sayangoswami.urbandictionary.R$bool
xyz.sayangoswami.urbandictionary.R$color
xyz.sayangoswami.urbandictionary.R$dimen
xyz.sayangoswami.urbandictionary.R$drawable
xyz.sayangoswami.urbandictionary.R$id
xyz.sayangoswami.urbandictionary.R$integer
xyz.sayangoswami.urbandictionary.R$layout
xyz.sayangoswami.urbandictionary.R$menu
xyz.sayangoswami.urbandictionary.R$mipmap
xyz.sayangoswami.urbandictionary.R$string
xyz.sayangoswami.urbandictionary.R$style
xyz.sayangoswami.urbandictionary.R$styleable
...
android.support.v4.widget.PopupMenuCompat$PopupMenuImpl
android.support.v4.widget.PopupMenuCompatKitKat
android.support.v4.widget.PopupWindowCompat:
    184:186:private PopupWindowCompat()
    226:226:public static boolean getOverlapAnchor(android.widget.PopupWindow)
    248:248:public static int getWindowLayoutType(android.widget.PopupWindow)
android.support.v4.widget.PopupWindowCompat$Api21PopupWindowImpl:
    141:141:public boolean getOverlapAnchor(android.widget.PopupWindow)
android.support.v4.widget.PopupWindowCompat$Api23PopupWindowImpl:
    153:153:public boolean getOverlapAnchor(android.widget.PopupWindow)
    163:163:public int getWindowLayoutType(android.widget.PopupWindow)
android.support.v4.widget.PopupWindowCompat$BasePopupWindowImpl:
    private static java.lang.reflect.Method sGetWindowLayoutTypeMethod
    private static boolean sGetWindowLayoutTypeMethodAttempted
    73:73:public boolean getOverlapAnchor(android.widget.PopupWindow)
    100:118:public int getWindowLayoutType(android.widget.PopupWindow)
android.support.v4.widget.PopupWindowCompat$PopupWindowImpl:
    public abstract boolean getOverlapAnchor(android.widget.PopupWindow)
    public abstract int getWindowLayoutType(android.widget.PopupWindow)
android.support.v4.widget.PopupWindowCompatApi21:
    private static final java.lang.String TAG
    24:24:PopupWindowCompatApi21()
    50:57:static boolean getOverlapAnchor(android.widget.PopupWindow)
android.support.v4.widget.PopupWindowCompatApi23:
    21:21:PopupWindowCompatApi23()
    28:28:static boolean getOverlapAnchor(android.widget.PopupWindow)
    36:36:static int getWindowLayoutType(android.widget.PopupWindow)
android.support.v4.widget.PopupWindowCompatKitKat:
    27:27:PopupWindowCompatKitKat()
android.support.v4.widget.ResourceCursorAdapter:
    54:57:public ResourceCursorAdapter(android.content.Context,int,android.database.Cursor)
    99:102:public ResourceCursorAdapter(android.content.Context,int,android.database.Cursor,int)
    126:127:public void setViewResource(int)
    135:136:public void setDropDownViewResource(int)
android.support.v4.widget.ScrollerCompat:
    246:247:public void notifyHorizontalEdgeReached(int,int,int)
    263:264:public void notifyVerticalEdgeReached(int,int,int)
    280:280:public boolean isOverScrolled()
android.support.v4.widget.ScrollerCompatIcs:
    24:24:ScrollerCompatIcs()
android.support.v4.widget.SearchViewCompat
android.support.v4.widget.SearchViewCompat$OnCloseListener
android.support.v4.widget.SearchViewCompat$OnCloseListenerCompat
android.support.v4.widget.SearchViewCompat$OnQueryTextListener
android.support.v4.widget.SearchViewCompat$OnQueryTextListenerCompat
android.support.v4.widget.SearchViewCompat$SearchViewCompatHoneycombImpl
android.support.v4.widget.SearchViewCompat$SearchViewCompatHoneycombImpl$1
android.support.v4.widget.SearchViewCompat$SearchViewCompatHoneycombImpl$2
android.support.v4.widget.SearchViewCompat$SearchViewCompatIcsImpl
android.support.v4.widget.SearchViewCompat$SearchViewCompatImpl
android.support.v4.widget.SearchViewCompat$SearchViewCompatStubImpl
android.support.v4.widget.SearchViewCompatHoneycomb
android.support.v4.widget.SearchViewCompatHoneycomb$1
android.support.v4.widget.SearchViewCompatHoneycomb$2
android.support.v4.widget.SearchViewCompatHoneycomb$OnCloseListenerCompatBridge
android.support.v4.widget.SearchViewCompatHoneycomb$OnQueryTextListenerCompatBridge
android.support.v4.widget.SearchViewCompatIcs
android.support.v4.widget.SearchViewCompatIcs$MySearchView
android.support.v4.widget.SimpleCursorAdapter
android.support.v4.widget.SimpleCursorAdapter$CursorToStringConverter
android.support.v4.widget.SimpleCursorAdapter$ViewBinder
android.support.v4.widget.SlidingPaneLayout
android.support.v4.widget.SlidingPaneLayout$AccessibilityDelegate
android.support.v4.widget.SlidingPaneLayout$DisableLayerRunnable
android.support.v4.widget.SlidingPaneLayout$DragHelperCallback
android.support.v4.widget.SlidingPaneLayout$LayoutParams